['ACSF1', 'Adiac', 'AllGestureWiimoteX', 'AllGestureWiimoteY', 'AllGestureWiimoteZ', 'ArrowHead', 'BME', 'Beef', 'BeetleFly', 'BirdChicken', 'CBF', 'Car', 'Chinatown', 'ChlorineConcentration', 'CinCECGTorso', 'Coffee', 'Computers', 'CricketX', 'CricketY', 'CricketZ', 'Crop', 'DiatomSizeReduction', 'DistalPhalanxOutlineAgeGroup', 'DistalPhalanxOutlineCorrect', 'DistalPhalanxTW', 'DodgerLoopDay', 'DodgerLoopGame', 'DodgerLoopWeekend', 'ECG200', 'ECG5000', 'ECGFiveDays', 'EOGHorizontalSignal', 'EOGVerticalSignal', 'Earthquakes', 'ElectricDevices', 'EthanolLevel', 'FaceAll', 'FaceFour', 'FacesUCR', 'FiftyWords', 'Fish', 'FordA', 'FordB', 'FreezerRegularTrain', 'FreezerSmallTrain', 'Fungi', 'GestureMidAirD1', 'GestureMidAirD2', 'GestureMidAirD3', 'GesturePebbleZ1', 'GesturePebbleZ2', 'GunPoint', 'GunPointAgeSpan', 'GunPointMaleVersusFemale', 'GunPointOldVersusYoung', 'Ham', 'HandOutlines', 'Haptics', 'Herring', 'HouseTwenty', 'InlineSkate', 'InsectEPGRegularTrain', 'InsectEPGSmallTrain', 'InsectWingbeatSound', 'ItalyPowerDemand', 'LargeKitchenAppliances', 'Lightning2', 'Lightning7', 'Mallat', 'Meat', 'MedicalImages', 'MelbournePedestrian', 'MiddlePhalanxOutlineAgeGroup', 'MiddlePhalanxOutlineCorrect', 'MiddlePhalanxTW', 'MixedShapesRegularTrain', 'MixedShapesSmallTrain', 'MoteStrain', 'NonInvasiveFetalECGThorax1', 'NonInvasiveFetalECGThorax2', 'OSULeaf', 'OliveOil', 'PLAID', 'PhalangesOutlinesCorrect', 'Phoneme', 'PickupGestureWiimoteZ', 'PigAirwayPressure', 'PigArtPressure', 'PigCVP', 'Plane', 'PowerCons', 'ProximalPhalanxOutlineAgeGroup', 'ProximalPhalanxOutlineCorrect', 'ProximalPhalanxTW', 'RefrigerationDevices', 'Rock', 'ScreenType', 'SemgHandGenderCh2', 'SemgHandMovementCh2', 'SemgHandSubjectCh2', 'ShakeGestureWiimoteZ', 'ShapeletSim', 'ShapesAll', 'SmallKitchenAppliances', 'SmoothSubspace', 'SonyAIBORobotSurface1', 'SonyAIBORobotSurface2', 'StarLightCurves', 'Strawberry', 'SwedishLeaf', 'Symbols', 'SyntheticControl', 'ToeSegmentation1', 'ToeSegmentation2', 'Trace', 'TwoLeadECG', 'TwoPatterns', 'UMD', 'UWaveGestureLibraryAll', 'UWaveGestureLibraryX', 'UWaveGestureLibraryY', 'UWaveGestureLibraryZ', 'Wafer', 'Wine', 'WordSynonyms', 'Worms', 'WormsTwoClass', 'Yoga']
uniform 1 ACSF1 0.9
uniform 2 Adiac 0.7877237851662404
uniform 3 AllGestureWiimoteX 0.7628571428571429
uniform 4 AllGestureWiimoteY 0.7757142857142857
uniform 5 AllGestureWiimoteZ 0.7171428571428572
uniform 6 ArrowHead 0.8514285714285714
uniform 7 BME 1.0
uniform 8 Beef 0.8333333333333334
uniform 9 BeetleFly 0.95
uniform 10 BirdChicken 0.9
uniform 11 CBF 0.9977777777777778
uniform 12 Car 0.9166666666666666
uniform 13 Chinatown 0.9795918367346939
uniform 14 ChlorineConcentration 0.7541666666666667
uniform 15 CinCECGTorso 0.7398550724637681
uniform 16 Coffee 1.0
uniform 17 Computers 0.748
uniform 18 CricketX 0.8
uniform 19 CricketY 0.8153846153846154
uniform 20 CricketZ 0.8076923076923077
uniform 21 Crop 0.7468452380952381
uniform 22 DiatomSizeReduction 0.9444444444444444
uniform 23 DistalPhalanxOutlineAgeGroup 0.7697841726618705
uniform 24 DistalPhalanxOutlineCorrect 0.7608695652173914
uniform 25 DistalPhalanxTW 0.697841726618705
uniform 26 DodgerLoopDay 0.5625
uniform 27 DodgerLoopGame 0.8043478260869565
uniform 28 DodgerLoopWeekend 0.9855072463768116
uniform 29 ECG200 0.88
uniform 30 ECG5000 0.9446666666666667
uniform 31 ECGFiveDays 1.0
uniform 32 EOGHorizontalSignal 0.46408839779005523
uniform 33 EOGVerticalSignal 0.4088397790055249
uniform 34 Earthquakes 0.7482014388489209
uniform 35 ElectricDevices 0.7407599533134483
uniform 36 EthanolLevel 0.574
uniform 37 FaceAll 0.7946745562130177
uniform 38 FaceFour 1.0
uniform 39 FacesUCR 0.9507317073170731
uniform 40 FiftyWords 0.8219780219780219
uniform 41 Fish 0.9828571428571429
uniform 42 FordA 0.9431818181818182
uniform 43 FordB 0.7962962962962963
uniform 44 FreezerRegularTrain 0.9985964912280701
uniform 45 FreezerSmallTrain 0.9550877192982457
uniform 46 Fungi 0.9408602150537635
uniform 47 GestureMidAirD1 0.7538461538461538
uniform 48 GestureMidAirD2 0.6461538461538462
uniform 49 GestureMidAirD3 0.4153846153846154
uniform 50 GesturePebbleZ1 0.872093023255814
uniform 51 GesturePebbleZ2 0.8544303797468354
uniform 52 GunPoint 1.0
uniform 53 GunPointAgeSpan 0.9841772151898734
uniform 54 GunPointMaleVersusFemale 0.9968354430379747
uniform 55 GunPointOldVersusYoung 0.9936507936507937
uniform 56 Ham 0.7047619047619048
uniform 57 HandOutlines 0.9324324324324325
uniform 58 Haptics 0.5194805194805194
uniform 59 Herring 0.6875
uniform 60 HouseTwenty 0.9159663865546218
uniform 61 InlineSkate 0.42363636363636364
uniform 62 InsectEPGRegularTrain 1.0
uniform 63 InsectEPGSmallTrain 1.0
uniform 64 InsectWingbeatSound 0.6631313131313131
uniform 65 ItalyPowerDemand 0.9620991253644315
uniform 66 LargeKitchenAppliances 0.8666666666666667
uniform 67 Lightning2 0.7049180327868853
uniform 68 Lightning7 0.7397260273972602
uniform 69 Mallat 0.9509594882729211
uniform 70 Meat 0.9666666666666667
uniform 71 MedicalImages 0.7921052631578948
uniform 72 MelbournePedestrian 0.8290282902829028
uniform 73 MiddlePhalanxOutlineAgeGroup 0.6103896103896104
uniform 74 MiddlePhalanxOutlineCorrect 0.8591065292096219
uniform 75 MiddlePhalanxTW 0.5714285714285714
uniform 76 MixedShapesRegularTrain 0.9645360824742268
uniform 77 MixedShapesSmallTrain 0.9369072164948453
uniform 78 MoteStrain 0.9281150159744409
uniform 79 NonInvasiveFetalECGThorax1 0.9318066157760814
uniform 80 NonInvasiveFetalECGThorax2 0.956234096692112
uniform 81 OSULeaf 0.9421487603305785
uniform 82 OliveOil 0.9333333333333333
uniform 83 PLAID 0.813780260707635
uniform 84 PhalangesOutlinesCorrect 0.8263403263403264
uniform 85 Phoneme 0.27531645569620256
uniform 86 PickupGestureWiimoteZ 0.84
uniform 87 PigAirwayPressure 0.8942307692307693
uniform 88 PigArtPressure 0.9759615384615384
uniform 89 PigCVP 0.9375
uniform 90 Plane 1.0
uniform 91 PowerCons 0.9833333333333333
uniform 92 ProximalPhalanxOutlineAgeGroup 0.8536585365853658
uniform 93 ProximalPhalanxOutlineCorrect 0.872852233676976
uniform 94 ProximalPhalanxTW 0.8292682926829268
uniform 95 RefrigerationDevices 0.5093333333333333
uniform 96 Rock 0.84
uniform 97 ScreenType 0.4826666666666667
uniform 98 SemgHandGenderCh2 0.8383333333333334
uniform 99 SemgHandMovementCh2 0.5088888888888888
uniform 100 SemgHandSubjectCh2 0.7822222222222223
uniform 101 ShakeGestureWiimoteZ 0.9
uniform 102 ShapeletSim 1.0
uniform 103 ShapesAll 0.9233333333333333
uniform 104 SmallKitchenAppliances 0.824
uniform 105 SmoothSubspace 0.9
uniform 106 SonyAIBORobotSurface1 0.9034941763727121
uniform 107 SonyAIBORobotSurface2 0.912906610703043
uniform 108 StarLightCurves 0.9813016027197669
uniform 109 Strawberry 0.9783783783783784
uniform 110 SwedishLeaf 0.9664
uniform 111 Symbols 0.9768844221105528
uniform 112 SyntheticControl 0.9466666666666667
uniform 113 ToeSegmentation1 0.9692982456140351
uniform 114 ToeSegmentation2 0.9076923076923077
uniform 115 Trace 1.0
uniform 116 TwoLeadECG 0.9973661106233538
uniform 117 TwoPatterns 0.9715
uniform 118 UMD 0.9930555555555556
uniform 119 UWaveGestureLibraryAll 0.9623115577889447
uniform 120 UWaveGestureLibraryX 0.8389168062534896
uniform 121 UWaveGestureLibraryY 0.7601898380792853
uniform 122 UWaveGestureLibraryZ 0.7903405918481295
uniform 123 Wafer 0.9936729396495781
uniform 124 Wine 0.8518518518518519
uniform 125 WordSynonyms 0.7241379310344828
uniform 126 Worms 0.7012987012987013
uniform 127 WormsTwoClass 0.7012987012987013
uniform 128 Yoga 0.8973333333333333
